<?xml version="1.0" encoding="UTF-8"?>
<testsuite name="com.reliaquest.api.model.JwtResponseTest" tests="5" skipped="0" failures="0" errors="0" timestamp="2025-06-09T06:57:34" hostname="L1955.local" time="0.002">
  <properties/>
  <testcase name="JwtResponse equals method works correctly" classname="com.reliaquest.api.model.JwtResponseTest" time="0.0"/>
  <testcase name="JwtResponse can be created with no-args constructor and setters" classname="com.reliaquest.api.model.JwtResponseTest" time="0.0"/>
  <testcase name="JwtResponse can be created with all-args constructor" classname="com.reliaquest.api.model.JwtResponseTest" time="0.0"/>
  <testcase name="JwtResponse implements Serializable interface" classname="com.reliaquest.api.model.JwtResponseTest" time="0.0"/>
  <testcase name="JwtResponse toString includes token field" classname="com.reliaquest.api.model.JwtResponseTest" time="0.001"/>
  <system-out><![CDATA[]]></system-out>
  <system-err><![CDATA[]]></system-err>
</testsuite>
