<?xml version="1.0" encoding="UTF-8"?>
<testsuite name="com.reliaquest.api.ApiApplicationTest" tests="1" skipped="0" failures="0" errors="0" timestamp="2025-06-09T06:57:32" hostname="L1955.local" time="0.54">
  <properties/>
  <testcase name="someTest()" classname="com.reliaquest.api.ApiApplicationTest" time="0.54"/>
  <system-out><![CDATA[12:27:30.286 [Test worker] INFO org.springframework.test.context.support.AnnotationConfigContextLoaderUtils -- Could not detect default configuration classes for test class [com.reliaquest.api.ApiApplicationTest]: ApiApplicationTest does not declare any static, non-private, non-final, nested classes annotated with @Configuration.
12:27:30.380 [Test worker] INFO org.springframework.boot.test.context.SpringBootTestContextBootstrapper -- Found @SpringBootConfiguration com.reliaquest.api.ApiApplication for test class com.reliaquest.api.ApiApplicationTest

  .   ____          _            __ _ _
 /\\ / ___'_ __ _ _(_)_ __  __ _ \ \ \ \
( ( )\___ | '_ | '_| | '_ \/ _` | \ \ \ \
 \\/  ___)| |_)| | | | | || (_| |  ) ) ) )
  '  |____| .__|_| |_|_| |_\__, | / / / /
 =========|_|==============|___/=/_/_/_/
 :: Spring Boot ::               (v3.2.10)

2025-06-09 12:27:30.761 [Test worker] INFO  c.reliaquest.api.ApiApplicationTest - Starting ApiApplicationTest using Java 17.0.10 with PID 84254 (started by shridhar in /Users/shridhar/Documents/Repositories/java-employee-challenge/api)
2025-06-09 12:27:30.762 [Test worker] DEBUG c.reliaquest.api.ApiApplicationTest - Running with Spring Boot v3.2.10, Spring v6.1.13
2025-06-09 12:27:30.763 [Test worker] INFO  c.reliaquest.api.ApiApplicationTest - No active profile set, falling back to 1 default profile: "default"
2025-06-09 12:27:31.460 [Test worker] INFO  c.r.api.client.MockEmployeeClient - Initialized Mock Employee Client with base URL: http://localhost:8112/api/v1/employee
2025-06-09 12:27:31.861 [Test worker] INFO  o.s.s.web.DefaultSecurityFilterChain - Will secure any request with [org.springframework.security.web.session.DisableEncodeUrlFilter@27023114, org.springframework.security.web.context.request.async.WebAsyncManagerIntegrationFilter@55f91548, org.springframework.security.web.context.SecurityContextHolderFilter@40d9bb03, org.springframework.security.web.header.HeaderWriterFilter@2648e0ea, org.springframework.security.web.authentication.logout.LogoutFilter@1cf9f358, com.reliaquest.api.security.AdminKeyAuthFilter@4ffa0ea3, com.reliaquest.api.security.JwtAuthenticationFilter@1e9a0233, org.springframework.security.web.savedrequest.RequestCacheAwareFilter@329f07f2, org.springframework.security.web.servletapi.SecurityContextHolderAwareRequestFilter@107460ca, org.springframework.security.web.authentication.AnonymousAuthenticationFilter@28261a65, org.springframework.security.web.session.SessionManagementFilter@26c06f25, org.springframework.security.web.access.ExceptionTranslationFilter@c9ff641, org.springframework.security.web.access.intercept.AuthorizationFilter@7a810115]
2025-06-09 12:27:32.039 [Test worker] INFO  c.reliaquest.api.ApiApplicationTest - Started ApiApplicationTest in 1.549 seconds (process running for 2.407)
]]></system-out>
  <system-err><![CDATA[]]></system-err>
</testsuite>
