<?xml version="1.0" encoding="UTF-8"?>
<testsuite name="com.reliaquest.api.model.JwtRequestTest" tests="9" skipped="0" failures="0" errors="0" timestamp="2025-06-09T06:57:34" hostname="L1955.local" time="0.005">
  <properties/>
  <testcase name="JwtRequest with blank username fails validation" classname="com.reliaquest.api.model.JwtRequestTest" time="0.002"/>
  <testcase name="JwtRequest with null username fails validation" classname="com.reliaquest.api.model.JwtRequestTest" time="0.0"/>
  <testcase name="JwtRequest can be created with all-args constructor" classname="com.reliaquest.api.model.JwtRequestTest" time="0.0"/>
  <testcase name="JwtRequest with blank password fails validation" classname="com.reliaquest.api.model.JwtRequestTest" time="0.001"/>
  <testcase name="JwtRequest can be created with no-args constructor and setters" classname="com.reliaquest.api.model.JwtRequestTest" time="0.0"/>
  <testcase name="JwtRequest with null password fails validation" classname="com.reliaquest.api.model.JwtRequestTest" time="0.0"/>
  <testcase name="JwtRequest toString includes fields but password may be visible" classname="com.reliaquest.api.model.JwtRequestTest" time="0.001"/>
  <testcase name="Valid JwtRequest passes validation" classname="com.reliaquest.api.model.JwtRequestTest" time="0.0"/>
  <testcase name="JwtRequest with multiple validation failures reports all errors" classname="com.reliaquest.api.model.JwtRequestTest" time="0.0"/>
  <system-out><![CDATA[]]></system-out>
  <system-err><![CDATA[]]></system-err>
</testsuite>
