<?xml version="1.0" encoding="UTF-8"?>
<testsuite name="com.reliaquest.api.model.EmployeeTest" tests="7" skipped="0" failures="0" errors="0" timestamp="2025-06-09T06:57:34" hostname="L1955.local" time="0.006">
  <properties/>
  <testcase name="Employee toString includes all fields" classname="com.reliaquest.api.model.EmployeeTest" time="0.003"/>
  <testcase name="Employee can be created with no-args constructor and setters" classname="com.reliaquest.api.model.EmployeeTest" time="0.0"/>
  <testcase name="Employee hashCode is based on ID" classname="com.reliaquest.api.model.EmployeeTest" time="0.002"/>
  <testcase name="Employee can be created from EmployeeInput" classname="com.reliaquest.api.model.EmployeeTest" time="0.0"/>
  <testcase name="Employee can be built with builder pattern" classname="com.reliaquest.api.model.EmployeeTest" time="0.001"/>
  <testcase name="Employee equals method works correctly" classname="com.reliaquest.api.model.EmployeeTest" time="0.0"/>
  <testcase name="Employee can be created with all-args constructor" classname="com.reliaquest.api.model.EmployeeTest" time="0.0"/>
  <system-out><![CDATA[]]></system-out>
  <system-err><![CDATA[]]></system-err>
</testsuite>
