<?xml version="1.0" encoding="UTF-8"?>
<testsuite name="com.reliaquest.api.model.EmployeeInputTest" tests="15" skipped="0" failures="0" errors="0" timestamp="2025-06-09T06:57:34" hostname="L1955.local" time="0.01">
  <properties/>
  <testcase name="EmployeeInput with multiple validation failures reports all errors" classname="com.reliaquest.api.model.EmployeeInputTest" time="0.005"/>
  <testcase name="EmployeeInput can be built with builder pattern" classname="com.reliaquest.api.model.EmployeeInputTest" time="0.0"/>
  <testcase name="EmployeeInput with age below minimum fails validation" classname="com.reliaquest.api.model.EmployeeInputTest" time="0.001"/>
  <testcase name="EmployeeInput with negative salary fails validation" classname="com.reliaquest.api.model.EmployeeInputTest" time="0.0"/>
  <testcase name="EmployeeInput with blank title fails validation" classname="com.reliaquest.api.model.EmployeeInputTest" time="0.001"/>
  <testcase name="EmployeeInput with blank name fails validation" classname="com.reliaquest.api.model.EmployeeInputTest" time="0.0"/>
  <testcase name="EmployeeInput toString includes all fields" classname="com.reliaquest.api.model.EmployeeInputTest" time="0.0"/>
  <testcase name="EmployeeInput with null salary fails validation" classname="com.reliaquest.api.model.EmployeeInputTest" time="0.0"/>
  <testcase name="EmployeeInput with null age fails validation" classname="com.reliaquest.api.model.EmployeeInputTest" time="0.0"/>
  <testcase name="EmployeeInput with null title fails validation" classname="com.reliaquest.api.model.EmployeeInputTest" time="0.0"/>
  <testcase name="EmployeeInput can be created with no-args constructor and setters" classname="com.reliaquest.api.model.EmployeeInputTest" time="0.0"/>
  <testcase name="EmployeeInput with age above maximum fails validation" classname="com.reliaquest.api.model.EmployeeInputTest" time="0.0"/>
  <testcase name="EmployeeInput can be created with all-args constructor" classname="com.reliaquest.api.model.EmployeeInputTest" time="0.0"/>
  <testcase name="EmployeeInput with null name fails validation" classname="com.reliaquest.api.model.EmployeeInputTest" time="0.0"/>
  <testcase name="Valid EmployeeInput passes validation" classname="com.reliaquest.api.model.EmployeeInputTest" time="0.0"/>
  <system-out><![CDATA[]]></system-out>
  <system-err><![CDATA[]]></system-err>
</testsuite>
