<?xml version="1.0" encoding="UTF-8"?>
<testsuite name="com.reliaquest.api.model.UserDtoTest" tests="13" skipped="0" failures="0" errors="0" timestamp="2025-06-09T06:57:34" hostname="L1955.local" time="0.007">
  <properties/>
  <testcase name="Valid UserDto passes validation" classname="com.reliaquest.api.model.UserDtoTest" time="0.002"/>
  <testcase name="UserDto with null username fails validation" classname="com.reliaquest.api.model.UserDtoTest" time="0.0"/>
  <testcase name="UserDto with password too long fails validation" classname="com.reliaquest.api.model.UserDtoTest" time="0.0"/>
  <testcase name="UserDto with blank username fails validation" classname="com.reliaquest.api.model.UserDtoTest" time="0.0"/>
  <testcase name="UserDto with multiple validation failures reports all errors" classname="com.reliaquest.api.model.UserDtoTest" time="0.0"/>
  <testcase name="UserDto with null password fails validation" classname="com.reliaquest.api.model.UserDtoTest" time="0.001"/>
  <testcase name="UserDto with password too short fails validation" classname="com.reliaquest.api.model.UserDtoTest" time="0.0"/>
  <testcase name="UserDto with blank password fails validation" classname="com.reliaquest.api.model.UserDtoTest" time="0.001"/>
  <testcase name="UserDto toString includes username and password fields" classname="com.reliaquest.api.model.UserDtoTest" time="0.0"/>
  <testcase name="UserDto can be created with no-args constructor and setters" classname="com.reliaquest.api.model.UserDtoTest" time="0.0"/>
  <testcase name="UserDto with username too long fails validation" classname="com.reliaquest.api.model.UserDtoTest" time="0.001"/>
  <testcase name="UserDto can be created with all-args constructor" classname="com.reliaquest.api.model.UserDtoTest" time="0.0"/>
  <testcase name="UserDto with username too short fails validation" classname="com.reliaquest.api.model.UserDtoTest" time="0.0"/>
  <system-out><![CDATA[]]></system-out>
  <system-err><![CDATA[]]></system-err>
</testsuite>
