<?xml version="1.0" encoding="UTF-8"?>
<testsuite name="com.reliaquest.api.util.JwtTokenUtilTest" tests="9" skipped="0" failures="0" errors="0" timestamp="2025-06-09T06:57:35" hostname="L1955.local" time="0.257">
  <properties/>
  <testcase name="Should not validate expired token" classname="com.reliaquest.api.util.JwtTokenUtilTest" time="0.137"/>
  <testcase name="Should extract custom claim from token" classname="com.reliaquest.api.util.JwtTokenUtilTest" time="0.003"/>
  <testcase name="Should handle malformed JWT token" classname="com.reliaquest.api.util.JwtTokenUtilTest" time="0.001"/>
  <testcase name="Should validate token for same user" classname="com.reliaquest.api.util.JwtTokenUtilTest" time="0.002"/>
  <testcase name="Should throw ExpiredJwtException when extracting claims from expired token" classname="com.reliaquest.api.util.JwtTokenUtilTest" time="0.106"/>
  <testcase name="Should extract expiration date from token" classname="com.reliaquest.api.util.JwtTokenUtilTest" time="0.001"/>
  <testcase name="Should not validate token for different user" classname="com.reliaquest.api.util.JwtTokenUtilTest" time="0.001"/>
  <testcase name="Should generate token with correct username" classname="com.reliaquest.api.util.JwtTokenUtilTest" time="0.001"/>
  <testcase name="Should detect token manipulations" classname="com.reliaquest.api.util.JwtTokenUtilTest" time="0.002"/>
  <system-out><![CDATA[]]></system-out>
  <system-err><![CDATA[]]></system-err>
</testsuite>
