<?xml version="1.0" encoding="UTF-8"?>
<testsuite name="com.reliaquest.api.service.JwtUserDetailsServiceTest" tests="5" skipped="0" failures="0" errors="0" timestamp="2025-06-09T06:57:34" hostname="L1955.local" time="0.914">
  <properties/>
  <testcase name="Should add new user successfully" classname="com.reliaquest.api.service.JwtUserDetailsServiceTest" time="0.212"/>
  <testcase name="Should store passwords using BCrypt" classname="com.reliaquest.api.service.JwtUserDetailsServiceTest" time="0.277"/>
  <testcase name="Should throw exception when loading non-existent user" classname="com.reliaquest.api.service.JwtUserDetailsServiceTest" time="0.143"/>
  <testcase name="Should reject adding duplicate user" classname="com.reliaquest.api.service.JwtUserDetailsServiceTest" time="0.14"/>
  <testcase name="Should load existing user by username" classname="com.reliaquest.api.service.JwtUserDetailsServiceTest" time="0.14"/>
  <system-out><![CDATA[]]></system-out>
  <system-err><![CDATA[]]></system-err>
</testsuite>
