<?xml version="1.0" encoding="UTF-8"?>
<testsuite name="com.reliaquest.api.security.JwtAuthenticationFilterTest" tests="4" skipped="0" failures="0" errors="0" timestamp="2025-06-09T06:57:34" hostname="L1955.local" time="0.124">
  <properties/>
  <testcase name="Should not set authentication when no token is provided" classname="com.reliaquest.api.security.JwtAuthenticationFilterTest" time="0.101"/>
  <testcase name="Should not set authentication when token is invalid" classname="com.reliaquest.api.security.JwtAuthenticationFilterTest" time="0.019"/>
  <testcase name="Should not set authentication when token format is invalid" classname="com.reliaquest.api.security.JwtAuthenticationFilterTest" time="0.002"/>
  <testcase name="Should set authentication when valid token is provided" classname="com.reliaquest.api.security.JwtAuthenticationFilterTest" time="0.002"/>
  <system-out><![CDATA[2025-06-09 12:27:34.485 [Test worker] DEBUG c.r.a.s.JwtAuthenticationFilter - JWT Token does not begin with Bearer String
2025-06-09 12:27:34.508 [Test worker] DEBUG c.r.a.s.JwtAuthenticationFilter - JWT Token does not begin with Bearer String
2025-06-09 12:27:34.511 [Test worker] INFO  c.r.a.s.JwtAuthenticationFilter - Successfully authenticated user: testuser
]]></system-out>
  <system-err><![CDATA[]]></system-err>
</testsuite>
